{"D:\\Namaste React\\Assignment-Redux - Testing\\Redux\\CartSlice.js": {"path":"D:\\Namaste React\\Assignment-Redux - Testing\\Redux\\CartSlice.js","statementMap":{"0":{"start":{"line":3,"column":16},"end":{"line":20,"column":2}},"1":{"start":{"line":10,"column":12},"end":{"line":10,"column":44}},"2":{"start":{"line":13,"column":12},"end":{"line":13,"column":44}},"3":{"start":{"line":16,"column":12},"end":{"line":16,"column":26}},"4":{"start":{"line":22,"column":45},"end":{"line":22,"column":62}}},"fnMap":{"0":{"name":"(anonymous_0)","decl":{"start":{"line":9,"column":16},"end":{"line":9,"column":17}},"loc":{"start":{"line":9,"column":32},"end":{"line":11,"column":9}},"line":9},"1":{"name":"(anonymous_1)","decl":{"start":{"line":12,"column":19},"end":{"line":12,"column":20}},"loc":{"start":{"line":12,"column":35},"end":{"line":14,"column":9}},"line":12},"2":{"name":"(anonymous_2)","decl":{"start":{"line":15,"column":18},"end":{"line":15,"column":19}},"loc":{"start":{"line":15,"column":34},"end":{"line":17,"column":9}},"line":15}},"branchMap":{},"s":{"0":1,"1":2,"2":0,"3":0,"4":1},"f":{"0":2,"1":0,"2":0},"b":{},"_coverageSchema":"1a1c01bbd47fc00a2c39e90264f33305004495a9","hash":"cccdaa07300fa2205eba6b45d01734bea54ce796"}
,"D:\\Namaste React\\Assignment-Redux - Testing\\Redux\\Redux.js": {"path":"D:\\Namaste React\\Assignment-Redux - Testing\\Redux\\Redux.js","statementMap":{"0":{"start":{"line":4,"column":16},"end":{"line":8,"column":2}}},"fnMap":{},"branchMap":{},"s":{"0":1},"f":{},"b":{},"_coverageSchema":"1a1c01bbd47fc00a2c39e90264f33305004495a9","hash":"27d1311ba58b8fcb19e92f7a51489ecf6e355cd2"}
,"D:\\Namaste React\\Assignment-Redux - Testing\\src\\Header.jsx": {"path":"D:\\Namaste React\\Assignment-Redux - Testing\\src\\Header.jsx","statementMap":{"0":{"start":{"line":8,"column":32},"end":{"line":8,"column":49}},"1":{"start":{"line":9,"column":20},"end":{"line":11,"column":4}},"2":{"start":{"line":10,"column":4},"end":{"line":10,"column":28}},"3":{"start":{"line":13,"column":19},"end":{"line":13,"column":36}},"4":{"start":{"line":15,"column":2},"end":{"line":62,"column":4}},"5":{"start":{"line":53,"column":14},"end":{"line":53,"column":34}},"6":{"start":{"line":54,"column":14},"end":{"line":54,"column":68}}},"fnMap":{"0":{"name":"(anonymous_0)","decl":{"start":{"line":7,"column":24},"end":{"line":7,"column":25}},"loc":{"start":{"line":7,"column":30},"end":{"line":63,"column":1}},"line":7},"1":{"name":"(anonymous_1)","decl":{"start":{"line":9,"column":32},"end":{"line":9,"column":33}},"loc":{"start":{"line":9,"column":43},"end":{"line":11,"column":3}},"line":9},"2":{"name":"(anonymous_2)","decl":{"start":{"line":52,"column":21},"end":{"line":52,"column":22}},"loc":{"start":{"line":52,"column":27},"end":{"line":55,"column":13}},"line":52}},"branchMap":{"0":{"loc":{"start":{"line":22,"column":26},"end":{"line":22,"column":48}},"type":"cond-expr","locations":[{"start":{"line":22,"column":37},"end":{"line":22,"column":41}},{"start":{"line":22,"column":44},"end":{"line":22,"column":48}}],"line":22},"1":{"loc":{"start":{"line":54,"column":26},"end":{"line":54,"column":66}},"type":"cond-expr","locations":[{"start":{"line":54,"column":48},"end":{"line":54,"column":56}},{"start":{"line":54,"column":59},"end":{"line":54,"column":66}}],"line":54}},"s":{"0":1,"1":1,"2":2,"3":1,"4":1,"5":0,"6":0},"f":{"0":1,"1":2,"2":0},"b":{"0":[1,0],"1":[0,0]},"_coverageSchema":"1a1c01bbd47fc00a2c39e90264f33305004495a9","hash":"159723f02c7261868d140f6891b2e7d0af787415"}
,"D:\\Namaste React\\Assignment-Redux - Testing\\src\\RestMenuDetails.jsx": {"path":"D:\\Namaste React\\Assignment-Redux - Testing\\src\\RestMenuDetails.jsx","statementMap":{"0":{"start":{"line":6,"column":57},"end":{"line":6,"column":67}},"1":{"start":{"line":8,"column":13},"end":{"line":8,"column":26}},"2":{"start":{"line":9,"column":25},"end":{"line":11,"column":3}},"3":{"start":{"line":10,"column":4},"end":{"line":10,"column":33}},"4":{"start":{"line":14,"column":2},"end":{"line":53,"column":4}}},"fnMap":{"0":{"name":"(anonymous_0)","decl":{"start":{"line":5,"column":33},"end":{"line":5,"column":34}},"loc":{"start":{"line":5,"column":53},"end":{"line":54,"column":1}},"line":5},"1":{"name":"(anonymous_1)","decl":{"start":{"line":9,"column":25},"end":{"line":9,"column":26}},"loc":{"start":{"line":9,"column":29},"end":{"line":11,"column":3}},"line":9}},"branchMap":{"0":{"loc":{"start":{"line":27,"column":15},"end":{"line":29,"column":23}},"type":"cond-expr","locations":[{"start":{"line":28,"column":18},"end":{"line":28,"column":51}},{"start":{"line":29,"column":18},"end":{"line":29,"column":23}}],"line":27},"1":{"loc":{"start":{"line":32,"column":11},"end":{"line":36,"column":11}},"type":"cond-expr","locations":[{"start":{"line":33,"column":12},"end":{"line":33,"column":17}},{"start":{"line":35,"column":12},"end":{"line":35,"column":54}}],"line":32}},"s":{"0":1,"1":1,"2":1,"3":2,"4":1},"f":{"0":1,"1":2},"b":{"0":[1,0],"1":[1,0]},"_coverageSchema":"1a1c01bbd47fc00a2c39e90264f33305004495a9","hash":"e1bf3f613a8ace9d5d0a7edfdec56ddd52fc98f4"}
,"D:\\Namaste React\\Assignment-Redux - Testing\\utils\\Constants.js": {"path":"D:\\Namaste React\\Assignment-Redux - Testing\\utils\\Constants.js","statementMap":{"0":{"start":{"line":1,"column":21},"end":{"line":1,"column":112}},"1":{"start":{"line":3,"column":22},"end":{"line":3,"column":168}},"2":{"start":{"line":5,"column":24},"end":{"line":5,"column":104}},"3":{"start":{"line":7,"column":33},"end":{"line":7,"column":171}},"4":{"start":{"line":9,"column":33},"end":{"line":9,"column":156}}},"fnMap":{},"branchMap":{},"s":{"0":1,"1":1,"2":1,"3":1,"4":1},"f":{},"b":{},"_coverageSchema":"1a1c01bbd47fc00a2c39e90264f33305004495a9","hash":"c1f2f7a380e55c23090daa23c82bee22c67ceaa0"}
,"D:\\Namaste React\\Assignment-Redux - Testing\\utils\\restMenuDeatilsMockdata.js": {"path":"D:\\Namaste React\\Assignment-Redux - Testing\\utils\\restMenuDeatilsMockdata.js","statementMap":{"0":{"start":{"line":1,"column":30},"end":{"line":25,"column":1}}},"fnMap":{},"branchMap":{},"s":{"0":1},"f":{},"b":{},"_coverageSchema":"1a1c01bbd47fc00a2c39e90264f33305004495a9","hash":"0394551945b36dd99036aff803dd3fcae712b326"}
,"D:\\Namaste React\\Assignment-Redux - Testing\\utils\\useOnlineStatus.js": {"path":"D:\\Namaste React\\Assignment-Redux - Testing\\utils\\useOnlineStatus.js","statementMap":{"0":{"start":{"line":5,"column":24},"end":{"line":5,"column":38}},"1":{"start":{"line":7,"column":0},"end":{"line":19,"column":5}},"2":{"start":{"line":9,"column":4},"end":{"line":12,"column":6}},"3":{"start":{"line":11,"column":8},"end":{"line":11,"column":24}},"4":{"start":{"line":14,"column":4},"end":{"line":17,"column":6}},"5":{"start":{"line":16,"column":8},"end":{"line":16,"column":25}},"6":{"start":{"line":23,"column":4},"end":{"line":23,"column":17}}},"fnMap":{"0":{"name":"(anonymous_0)","decl":{"start":{"line":4,"column":31},"end":{"line":4,"column":32}},"loc":{"start":{"line":4,"column":35},"end":{"line":24,"column":1}},"line":4},"1":{"name":"(anonymous_1)","decl":{"start":{"line":7,"column":10},"end":{"line":7,"column":11}},"loc":{"start":{"line":7,"column":14},"end":{"line":19,"column":1}},"line":7},"2":{"name":"(anonymous_2)","decl":{"start":{"line":9,"column":37},"end":{"line":9,"column":38}},"loc":{"start":{"line":9,"column":41},"end":{"line":12,"column":5}},"line":9},"3":{"name":"(anonymous_3)","decl":{"start":{"line":14,"column":38},"end":{"line":14,"column":39}},"loc":{"start":{"line":14,"column":42},"end":{"line":17,"column":5}},"line":14}},"branchMap":{},"s":{"0":1,"1":1,"2":1,"3":0,"4":1,"5":0,"6":1},"f":{"0":1,"1":1,"2":0,"3":0},"b":{},"_coverageSchema":"1a1c01bbd47fc00a2c39e90264f33305004495a9","hash":"f90f42985ab3ffde751e54a99663023f27ce072a"}
}
